Performing C++ SOURCE FILE Test COMPILER_SUPPORT_wd981 failed with the following output:
Change Dir: /home/evelina/Downloads/eigen-eigen-b30b87236a1b/build/CMakeFiles/CMakeTmp

Run Build Command:"/usr/bin/make" "cmTryCompileExec3850059329/fast"
/usr/bin/make -f CMakeFiles/cmTryCompileExec3850059329.dir/build.make CMakeFiles/cmTryCompileExec3850059329.dir/build
make[1]: Entering directory '/home/evelina/Downloads/eigen-eigen-b30b87236a1b/build/CMakeFiles/CMakeTmp'
/usr/bin/cmake -E cmake_progress_report /home/evelina/Downloads/eigen-eigen-b30b87236a1b/build/CMakeFiles/CMakeTmp/CMakeFiles 1
Building CXX object CMakeFiles/cmTryCompileExec3850059329.dir/src.cxx.o
/usr/bin/g++    -fexceptions -pedantic -Wall -Wextra -Wundef -Wcast-align -Wchar-subscripts -Wnon-virtual-dtor -Wunused-local-typedefs -Wpointer-arith -Wwrite-strings -Wformat-security -Wno-psabi -Wno-variadic-macros -Wno-long-long -fno-check-new -fno-common -fstrict-aliasing -DCOMPILER_SUPPORT_wd981 -Werror   -wd981 -o CMakeFiles/cmTryCompileExec3850059329.dir/src.cxx.o -c /home/evelina/Downloads/eigen-eigen-b30b87236a1b/build/CMakeFiles/CMakeTmp/src.cxx
g++: error: unrecognized command line option '-wd981'
CMakeFiles/cmTryCompileExec3850059329.dir/build.make:57: recipe for target 'CMakeFiles/cmTryCompileExec3850059329.dir/src.cxx.o' failed
make[1]: Leaving directory '/home/evelina/Downloads/eigen-eigen-b30b87236a1b/build/CMakeFiles/CMakeTmp'
make[1]: *** [CMakeFiles/cmTryCompileExec3850059329.dir/src.cxx.o] Error 1
Makefile:118: recipe for target 'cmTryCompileExec3850059329/fast' failed
make: *** [cmTryCompileExec3850059329/fast] Error 2

Source file was:
int main() { return 0; }
Performing C++ SOURCE FILE Test COMPILER_SUPPORT_wd2304 failed with the following output:
Change Dir: /home/evelina/Downloads/eigen-eigen-b30b87236a1b/build/CMakeFiles/CMakeTmp

Run Build Command:"/usr/bin/make" "cmTryCompileExec456583288/fast"
/usr/bin/make -f CMakeFiles/cmTryCompileExec456583288.dir/build.make CMakeFiles/cmTryCompileExec456583288.dir/build
make[1]: Entering directory '/home/evelina/Downloads/eigen-eigen-b30b87236a1b/build/CMakeFiles/CMakeTmp'
/usr/bin/cmake -E cmake_progress_report /home/evelina/Downloads/eigen-eigen-b30b87236a1b/build/CMakeFiles/CMakeTmp/CMakeFiles 1
Building CXX object CMakeFiles/cmTryCompileExec456583288.dir/src.cxx.o
/usr/bin/g++    -fexceptions -pedantic -Wall -Wextra -Wundef -Wcast-align -Wchar-subscripts -Wnon-virtual-dtor -Wunused-local-typedefs -Wpointer-arith -Wwrite-strings -Wformat-security -Wno-psabi -Wno-variadic-macros -Wno-long-long -fno-check-new -fno-common -fstrict-aliasing -DCOMPILER_SUPPORT_wd2304 -Werror   -wd2304 -o CMakeFiles/cmTryCompileExec456583288.dir/src.cxx.o -c /home/evelina/Downloads/eigen-eigen-b30b87236a1b/build/CMakeFiles/CMakeTmp/src.cxx
g++: error: unrecognized command line option '-wd2304'
CMakeFiles/cmTryCompileExec456583288.dir/build.make:57: recipe for target 'CMakeFiles/cmTryCompileExec456583288.dir/src.cxx.o' failed
make[1]: Leaving directory '/home/evelina/Downloads/eigen-eigen-b30b87236a1b/build/CMakeFiles/CMakeTmp'
make[1]: *** [CMakeFiles/cmTryCompileExec456583288.dir/src.cxx.o] Error 1
Makefile:118: recipe for target 'cmTryCompileExec456583288/fast' failed
make: *** [cmTryCompileExec456583288/fast] Error 2

Source file was:
int main() { return 0; }
Performing C++ SOURCE FILE Test COMPILER_SUPPORT_STRICTANSI failed with the following output:
Change Dir: /home/evelina/Downloads/eigen-eigen-b30b87236a1b/build/CMakeFiles/CMakeTmp

Run Build Command:"/usr/bin/make" "cmTryCompileExec223627581/fast"
/usr/bin/make -f CMakeFiles/cmTryCompileExec223627581.dir/build.make CMakeFiles/cmTryCompileExec223627581.dir/build
make[1]: Entering directory '/home/evelina/Downloads/eigen-eigen-b30b87236a1b/build/CMakeFiles/CMakeTmp'
/usr/bin/cmake -E cmake_progress_report /home/evelina/Downloads/eigen-eigen-b30b87236a1b/build/CMakeFiles/CMakeTmp/CMakeFiles 1
Building CXX object CMakeFiles/cmTryCompileExec223627581.dir/src.cxx.o
/usr/bin/g++    -fexceptions -pedantic -Wall -Wextra -Wundef -Wcast-align -Wchar-subscripts -Wnon-virtual-dtor -Wunused-local-typedefs -Wpointer-arith -Wwrite-strings -Wformat-security -Wno-psabi -Wno-variadic-macros -Wno-long-long -fno-check-new -fno-common -fstrict-aliasing -DCOMPILER_SUPPORT_STRICTANSI -Werror   -strict-ansi -o CMakeFiles/cmTryCompileExec223627581.dir/src.cxx.o -c /home/evelina/Downloads/eigen-eigen-b30b87236a1b/build/CMakeFiles/CMakeTmp/src.cxx
g++: error: unrecognized command line option '-strict-ansi'
CMakeFiles/cmTryCompileExec223627581.dir/build.make:57: recipe for target 'CMakeFiles/cmTryCompileExec223627581.dir/src.cxx.o' failed
make[1]: Leaving directory '/home/evelina/Downloads/eigen-eigen-b30b87236a1b/build/CMakeFiles/CMakeTmp'
make[1]: *** [CMakeFiles/cmTryCompileExec223627581.dir/src.cxx.o] Error 1
Makefile:118: recipe for target 'cmTryCompileExec223627581/fast' failed
make: *** [cmTryCompileExec223627581/fast] Error 2

Source file was:
int main() { return 0; }
Performing C++ SOURCE FILE Test COMPILER_SUPPORT_Qunusedarguments failed with the following output:
Change Dir: /home/evelina/Downloads/eigen-eigen-b30b87236a1b/build/CMakeFiles/CMakeTmp

Run Build Command:"/usr/bin/make" "cmTryCompileExec3548441423/fast"
/usr/bin/make -f CMakeFiles/cmTryCompileExec3548441423.dir/build.make CMakeFiles/cmTryCompileExec3548441423.dir/build
make[1]: Entering directory '/home/evelina/Downloads/eigen-eigen-b30b87236a1b/build/CMakeFiles/CMakeTmp'
/usr/bin/cmake -E cmake_progress_report /home/evelina/Downloads/eigen-eigen-b30b87236a1b/build/CMakeFiles/CMakeTmp/CMakeFiles 1
Building CXX object CMakeFiles/cmTryCompileExec3548441423.dir/src.cxx.o
/usr/bin/g++    -fexceptions -pedantic -Wall -Wextra -Wundef -Wcast-align -Wchar-subscripts -Wnon-virtual-dtor -Wunused-local-typedefs -Wpointer-arith -Wwrite-strings -Wformat-security -Wno-psabi -Wno-variadic-macros -Wno-long-long -fno-check-new -fno-common -fstrict-aliasing -DCOMPILER_SUPPORT_Qunusedarguments -Werror   -Qunused-arguments -o CMakeFiles/cmTryCompileExec3548441423.dir/src.cxx.o -c /home/evelina/Downloads/eigen-eigen-b30b87236a1b/build/CMakeFiles/CMakeTmp/src.cxx
g++: error: unrecognized command line option '-Qunused-arguments'
CMakeFiles/cmTryCompileExec3548441423.dir/build.make:57: recipe for target 'CMakeFiles/cmTryCompileExec3548441423.dir/src.cxx.o' failed
make[1]: *** [CMakeFiles/cmTryCompileExec3548441423.dir/src.cxx.o] Error 1
make[1]: Leaving directory '/home/evelina/Downloads/eigen-eigen-b30b87236a1b/build/CMakeFiles/CMakeTmp'
Makefile:118: recipe for target 'cmTryCompileExec3548441423/fast' failed
make: *** [cmTryCompileExec3548441423/fast] Error 2

Source file was:
int main() { return 0; }
Determining if the Q_WS_WIN exist failed with the following output:
Change Dir: /home/evelina/Downloads/eigen-eigen-b30b87236a1b/build/CMakeFiles/CMakeTmp

Run Build Command:"/usr/bin/make" "cmTryCompileExec122704705/fast"
/usr/bin/make -f CMakeFiles/cmTryCompileExec122704705.dir/build.make CMakeFiles/cmTryCompileExec122704705.dir/build
make[1]: Entering directory '/home/evelina/Downloads/eigen-eigen-b30b87236a1b/build/CMakeFiles/CMakeTmp'
/usr/bin/cmake -E cmake_progress_report /home/evelina/Downloads/eigen-eigen-b30b87236a1b/build/CMakeFiles/CMakeTmp/CMakeFiles 1
Building CXX object CMakeFiles/cmTryCompileExec122704705.dir/CheckSymbolExists.cxx.o
/usr/bin/g++    -fexceptions -pedantic -Wall -Wextra -Wundef -Wcast-align -Wchar-subscripts -Wnon-virtual-dtor -Wunused-local-typedefs -Wpointer-arith -Wwrite-strings -Wformat-security -Wno-psabi -Wno-variadic-macros -Wno-long-long -fno-check-new -fno-common -fstrict-aliasing -ansi -O1 -g1  -I/usr/include/qt4    -o CMakeFiles/cmTryCompileExec122704705.dir/CheckSymbolExists.cxx.o -c /home/evelina/Downloads/eigen-eigen-b30b87236a1b/build/CMakeFiles/CMakeTmp/CheckSymbolExists.cxx
/home/evelina/Downloads/eigen-eigen-b30b87236a1b/build/CMakeFiles/CMakeTmp/CheckSymbolExists.cxx: In function ‘int main(int, char**)’:
/home/evelina/Downloads/eigen-eigen-b30b87236a1b/build/CMakeFiles/CMakeTmp/CheckSymbolExists.cxx:8:19: error: ‘Q_WS_WIN’ was not declared in this scope
CMakeFiles/cmTryCompileExec122704705.dir/build.make:57: recipe for target 'CMakeFiles/cmTryCompileExec122704705.dir/CheckSymbolExists.cxx.o' failed
make[1]: Leaving directory '/home/evelina/Downloads/eigen-eigen-b30b87236a1b/build/CMakeFiles/CMakeTmp'
make[1]: *** [CMakeFiles/cmTryCompileExec122704705.dir/CheckSymbolExists.cxx.o] Error 1
Makefile:118: recipe for target 'cmTryCompileExec122704705/fast' failed
make: *** [cmTryCompileExec122704705/fast] Error 2

File /home/evelina/Downloads/eigen-eigen-b30b87236a1b/build/CMakeFiles/CMakeTmp/CheckSymbolExists.cxx:
/* */
#include <QtCore/qglobal.h>

int main(int argc, char** argv)
{
  (void)argv;
#ifndef Q_WS_WIN
  return ((int*)(&Q_WS_WIN))[argc];
#else
  (void)argc;
  return 0;
#endif
}

Determining if the Q_WS_QWS exist failed with the following output:
Change Dir: /home/evelina/Downloads/eigen-eigen-b30b87236a1b/build/CMakeFiles/CMakeTmp

Run Build Command:"/usr/bin/make" "cmTryCompileExec3659944869/fast"
/usr/bin/make -f CMakeFiles/cmTryCompileExec3659944869.dir/build.make CMakeFiles/cmTryCompileExec3659944869.dir/build
make[1]: Entering directory '/home/evelina/Downloads/eigen-eigen-b30b87236a1b/build/CMakeFiles/CMakeTmp'
/usr/bin/cmake -E cmake_progress_report /home/evelina/Downloads/eigen-eigen-b30b87236a1b/build/CMakeFiles/CMakeTmp/CMakeFiles 1
Building CXX object CMakeFiles/cmTryCompileExec3659944869.dir/CheckSymbolExists.cxx.o
/usr/bin/g++    -fexceptions -pedantic -Wall -Wextra -Wundef -Wcast-align -Wchar-subscripts -Wnon-virtual-dtor -Wunused-local-typedefs -Wpointer-arith -Wwrite-strings -Wformat-security -Wno-psabi -Wno-variadic-macros -Wno-long-long -fno-check-new -fno-common -fstrict-aliasing -ansi -O1 -g1  -I/usr/include/qt4    -o CMakeFiles/cmTryCompileExec3659944869.dir/CheckSymbolExists.cxx.o -c /home/evelina/Downloads/eigen-eigen-b30b87236a1b/build/CMakeFiles/CMakeTmp/CheckSymbolExists.cxx
/home/evelina/Downloads/eigen-eigen-b30b87236a1b/build/CMakeFiles/CMakeTmp/CheckSymbolExists.cxx: In function ‘int main(int, char**)’:
/home/evelina/Downloads/eigen-eigen-b30b87236a1b/build/CMakeFiles/CMakeTmp/CheckSymbolExists.cxx:8:19: error: ‘Q_WS_QWS’ was not declared in this scope
CMakeFiles/cmTryCompileExec3659944869.dir/build.make:57: recipe for target 'CMakeFiles/cmTryCompileExec3659944869.dir/CheckSymbolExists.cxx.o' failed
make[1]: *** [CMakeFiles/cmTryCompileExec3659944869.dir/CheckSymbolExists.cxx.o] Error 1
make[1]: Leaving directory '/home/evelina/Downloads/eigen-eigen-b30b87236a1b/build/CMakeFiles/CMakeTmp'
Makefile:118: recipe for target 'cmTryCompileExec3659944869/fast' failed
make: *** [cmTryCompileExec3659944869/fast] Error 2

File /home/evelina/Downloads/eigen-eigen-b30b87236a1b/build/CMakeFiles/CMakeTmp/CheckSymbolExists.cxx:
/* */
#include <QtCore/qglobal.h>

int main(int argc, char** argv)
{
  (void)argv;
#ifndef Q_WS_QWS
  return ((int*)(&Q_WS_QWS))[argc];
#else
  (void)argc;
  return 0;
#endif
}

Determining if the Q_WS_MAC exist failed with the following output:
Change Dir: /home/evelina/Downloads/eigen-eigen-b30b87236a1b/build/CMakeFiles/CMakeTmp

Run Build Command:"/usr/bin/make" "cmTryCompileExec1426449094/fast"
/usr/bin/make -f CMakeFiles/cmTryCompileExec1426449094.dir/build.make CMakeFiles/cmTryCompileExec1426449094.dir/build
make[1]: Entering directory '/home/evelina/Downloads/eigen-eigen-b30b87236a1b/build/CMakeFiles/CMakeTmp'
/usr/bin/cmake -E cmake_progress_report /home/evelina/Downloads/eigen-eigen-b30b87236a1b/build/CMakeFiles/CMakeTmp/CMakeFiles 1
Building CXX object CMakeFiles/cmTryCompileExec1426449094.dir/CheckSymbolExists.cxx.o
/usr/bin/g++    -fexceptions -pedantic -Wall -Wextra -Wundef -Wcast-align -Wchar-subscripts -Wnon-virtual-dtor -Wunused-local-typedefs -Wpointer-arith -Wwrite-strings -Wformat-security -Wno-psabi -Wno-variadic-macros -Wno-long-long -fno-check-new -fno-common -fstrict-aliasing -ansi -O1 -g1  -I/usr/include/qt4    -o CMakeFiles/cmTryCompileExec1426449094.dir/CheckSymbolExists.cxx.o -c /home/evelina/Downloads/eigen-eigen-b30b87236a1b/build/CMakeFiles/CMakeTmp/CheckSymbolExists.cxx
/home/evelina/Downloads/eigen-eigen-b30b87236a1b/build/CMakeFiles/CMakeTmp/CheckSymbolExists.cxx: In function ‘int main(int, char**)’:
/home/evelina/Downloads/eigen-eigen-b30b87236a1b/build/CMakeFiles/CMakeTmp/CheckSymbolExists.cxx:8:19: error: ‘Q_WS_MAC’ was not declared in this scope
CMakeFiles/cmTryCompileExec1426449094.dir/build.make:57: recipe for target 'CMakeFiles/cmTryCompileExec1426449094.dir/CheckSymbolExists.cxx.o' failed
make[1]: Leaving directory '/home/evelina/Downloads/eigen-eigen-b30b87236a1b/build/CMakeFiles/CMakeTmp'
make[1]: *** [CMakeFiles/cmTryCompileExec1426449094.dir/CheckSymbolExists.cxx.o] Error 1
Makefile:118: recipe for target 'cmTryCompileExec1426449094/fast' failed
make: *** [cmTryCompileExec1426449094/fast] Error 2

File /home/evelina/Downloads/eigen-eigen-b30b87236a1b/build/CMakeFiles/CMakeTmp/CheckSymbolExists.cxx:
/* */
#include <QtCore/qglobal.h>

int main(int argc, char** argv)
{
  (void)argv;
#ifndef Q_WS_MAC
  return ((int*)(&Q_WS_MAC))[argc];
#else
  (void)argc;
  return 0;
#endif
}

Compiling the Fortran compiler identification source file "CMakeFortranCompilerId.F" failed.
Compiler: CMAKE_Fortran_COMPILER-NOTFOUND 
Build flags: 
Id flags: 

The output was:
No such file or directory


Compiling the Fortran compiler identification source file "CMakeFortranCompilerId.F" failed.
Compiler: CMAKE_Fortran_COMPILER-NOTFOUND 
Build flags: 
Id flags: -c

The output was:
No such file or directory


Compiling the Fortran compiler identification source file "CMakeFortranCompilerId.F" failed.
Compiler: CMAKE_Fortran_COMPILER-NOTFOUND 
Build flags: 
Id flags: -fpp

The output was:
No such file or directory


